<?xml version="1.0" encoding="UTF-8"?>
<testng-results ignored="0" total="1" passed="1" failed="0" skipped="0">
  <reporter-output>
  </reporter-output>
  <suite started-at="2024-06-28T17:49:57 EEST" name="Suite1" finished-at="2024-06-28T17:50:32 EEST" duration-ms="35278">
    <groups>
    </groups>
    <test started-at="2024-06-28T17:49:57 EEST" name="test" finished-at="2024-06-28T17:50:32 EEST" duration-ms="35278">
      <class name="tests.LoginTest">
        <test-method is-config="true" signature="setup(java.lang.String)[pri:0, instance:tests.LoginTest@1a451d4d]" started-at="2024-06-28T17:49:57 EEST" name="setup" finished-at="2024-06-28T17:50:01 EEST" duration-ms="4249" status="PASS">
          <params>
            <param index="0">
              <value>
                <![CDATA[https://keyfood.ro/]]>
              </value>
            </param>
          </params>
          <reporter-output>
          </reporter-output>
        </test-method> <!-- setup -->
        <test-method signature="loginTest()[pri:0, instance:tests.LoginTest@1a451d4d]" started-at="2024-06-28T17:50:01 EEST" name="loginTest" finished-at="2024-06-28T17:50:27 EEST" duration-ms="25819" status="PASS">
          <reporter-output>
          </reporter-output>
        </test-method> <!-- loginTest -->
        <test-method is-config="true" signature="tearDown()[pri:0, instance:tests.LoginTest@1a451d4d]" started-at="2024-06-28T17:50:27 EEST" name="tearDown" finished-at="2024-06-28T17:50:32 EEST" duration-ms="5176" status="PASS">
          <reporter-output>
          </reporter-output>
        </test-method> <!-- tearDown -->
      </class> <!-- tests.LoginTest -->
    </test> <!-- test -->
  </suite> <!-- Suite1 -->
</testng-results>
